<?xml version="1.0" encoding="UTF-8"?>
<!-- Generated by org.testng.reporters.JUnitXMLReporter -->
<testsuite hostname="Manoj" ignored="2" name="Default test(failed)" tests="1" failures="1" timestamp="12 Feb 2022 04:48:15 GMT" time="0.053" errors="0">
  <testcase name="testA2" time="0.02" classname="org.test.rerun.A">
    <failure type="java.lang.AssertionError" message="expected [true] but found [false]">
      <![CDATA[java.lang.AssertionError: expected [true] but found [false]
at org.test.rerun.A.testA2(A.java:15)
... Removed 29 stack frames]]>
    </failure>
  </testcase> <!-- testA2 -->
  <testcase name="testA3" time="0.0" classname="org.test.rerun.A">
    <ignored/>
  </testcase> <!-- testA3 -->
  <testcase name="testA1" time="0.0" classname="org.test.rerun.A">
    <ignored/>
  </testcase> <!-- testA1 -->
</testsuite> <!-- Default test(failed) -->
