<?xml version="1.0" encoding="UTF-8"?>
<!-- Generated by org.testng.reporters.JUnitXMLReporter -->
<testsuite hostname="Manoj" ignored="0" name="Test" tests="2" failures="1" timestamp="13 Feb 2022 06:28:55 GMT" time="8.286" errors="0">
  <testcase name="test1" time="3.106" classname="org.test.failedscreenshot.Facebook"/>
  <testcase name="test3" time="1.214" classname="org.test.failedscreenshot.Facebook">
    <failure type="java.lang.AssertionError" message="expected [true] but found [false]">
      <![CDATA[java.lang.AssertionError: expected [true] but found [false]
at org.test.failedscreenshot.Facebook.test3(Facebook.java:66)
... Removed 29 stack frames]]>
    </failure>
  </testcase> <!-- test3 -->
</testsuite> <!-- Test -->
