<?xml version="1.0" encoding="UTF-8"?>
<!-- Generated by org.testng.reporters.JUnitXMLReporter -->
<testsuite hostname="Manoj" ignored="4" name="Test(failed)" tests="2" failures="2" timestamp="18 Jan 2022 04:51:44 GMT" time="0.033" errors="0">
  <testcase name="testB1" time="0.008" classname="org.test.rerun.B">
    <failure type="java.lang.AssertionError" message="expected [true] but found [false]">
      <![CDATA[java.lang.AssertionError: expected [true] but found [false]
at org.test.rerun.B.testB1(B.java:9)
... Removed 29 stack frames]]>
    </failure>
  </testcase> <!-- testB1 -->
  <testcase name="testA2" time="0.001" classname="org.test.rerun.A">
    <failure type="java.lang.AssertionError" message="expected [true] but found [false]">
      <![CDATA[java.lang.AssertionError: expected [true] but found [false]
at org.test.rerun.A.testA2(A.java:12)
... Removed 29 stack frames]]>
    </failure>
  </testcase> <!-- testA2 -->
  <testcase name="testA3" time="0.0" classname="org.test.rerun.A">
    <ignored/>
  </testcase> <!-- testA3 -->
  <testcase name="testA1" time="0.0" classname="org.test.rerun.A">
    <ignored/>
  </testcase> <!-- testA1 -->
  <testcase name="testB3" time="0.0" classname="org.test.rerun.B">
    <ignored/>
  </testcase> <!-- testB3 -->
  <testcase name="testB2" time="0.0" classname="org.test.rerun.B">
    <ignored/>
  </testcase> <!-- testB2 -->
</testsuite> <!-- Test(failed) -->
