<?xml version="1.0" encoding="UTF-8"?>
<testng-results skipped="0" failed="0" ignored="0" total="3" passed="3">
  <reporter-output>
  </reporter-output>
  <suite name="Default suite" duration-ms="77" started-at="2022-02-13T07:30:53Z" finished-at="2022-02-13T07:30:53Z">
    <groups>
    </groups>
    <test name="Default test" duration-ms="77" started-at="2022-02-13T07:30:53Z" finished-at="2022-02-13T07:30:53Z">
      <class name="org.test.A">
        <test-method status="PASS" signature="testA1()[pri:0, instance:org.test.A@343f4d3d]" name="testA1" duration-ms="17" started-at="2022-02-13T07:30:53Z" finished-at="2022-02-13T07:30:53Z">
          <reporter-output>
          </reporter-output>
        </test-method> <!-- testA1 -->
        <test-method status="PASS" signature="testA3()[pri:0, instance:org.test.A@343f4d3d]" name="testA3" duration-ms="2" started-at="2022-02-13T07:30:53Z" finished-at="2022-02-13T07:30:53Z">
          <reporter-output>
          </reporter-output>
        </test-method> <!-- testA3 -->
        <test-method status="PASS" signature="testA2()[pri:0, instance:org.test.A@343f4d3d]" name="testA2" duration-ms="2" started-at="2022-02-13T07:30:53Z" depends-on-methods="org.test.A.testA1" finished-at="2022-02-13T07:30:53Z">
          <reporter-output>
          </reporter-output>
        </test-method> <!-- testA2 -->
      </class> <!-- org.test.A -->
    </test> <!-- Default test -->
  </suite> <!-- Default suite -->
</testng-results>
